<?xml version="1.0" encoding="UTF-8"?>
<testng-results ignored="0" total="1" passed="1" failed="0" skipped="0">
  <reporter-output>
  </reporter-output>
  <suite started-at="2020-12-19T01:59:45Z" name="Default suite" finished-at="2020-12-19T02:02:08Z" duration-ms="142736">
    <groups>
      <group name="cucumber">
        <method signature="AbstractTestNGCucumberTests.runScenario(io.cucumber.testng.PickleWrapper, io.cucumber.testng.FeatureWrapper)[pri:0, instance:com.testRunners.SpicejetTestRunners@6e1b9411]" name="runScenario" class="io.cucumber.testng.AbstractTestNGCucumberTests"/>
      </group> <!-- cucumber -->
    </groups>
    <test started-at="2020-12-19T01:59:45Z" name="Default test" finished-at="2020-12-19T02:02:08Z" duration-ms="142736">
      <class name="com.testRunners.SpicejetTestRunners">
        <test-method is-config="true" signature="setUpClass()[pri:0, instance:com.testRunners.SpicejetTestRunners@6e1b9411]" started-at="2020-12-19T01:59:45Z" name="setUpClass" finished-at="2020-12-19T01:59:49Z" duration-ms="3676" status="PASS">
          <reporter-output>
          </reporter-output>
        </test-method> <!-- setUpClass -->
        <test-method signature="runScenario(io.cucumber.testng.PickleWrapper, io.cucumber.testng.FeatureWrapper)[pri:0, instance:com.testRunners.SpicejetTestRunners@6e1b9411]" started-at="2020-12-19T01:59:49Z" name="runScenario" description="Runs Cucumber Scenarios" data-provider="scenarios" finished-at="2020-12-19T02:02:05Z" duration-ms="135471" status="PASS">
          <params>
            <param index="0">
              <value>
                <![CDATA["Booking the Flights"]]>
              </value>
            </param>
            <param index="1">
              <value>
                <![CDATA["spicejetFlights"]]>
              </value>
            </param>
          </params>
          <reporter-output>
          </reporter-output>
        </test-method> <!-- runScenario -->
        <test-method is-config="true" signature="tearDownClass()[pri:0, instance:com.testRunners.SpicejetTestRunners@6e1b9411]" started-at="2020-12-19T02:02:06Z" name="tearDownClass" finished-at="2020-12-19T02:02:08Z" duration-ms="1995" status="PASS">
          <reporter-output>
          </reporter-output>
        </test-method> <!-- tearDownClass -->
      </class> <!-- com.testRunners.SpicejetTestRunners -->
    </test> <!-- Default test -->
  </suite> <!-- Default suite -->
</testng-results>
